===================================================================================
SLURM Job ID:            7326762
Submit time:             Thu Apr 02 21:47:19 BST 2026 (Unix Epoch time: 1775162839)
Start time:              Thu Apr 02 21:47:20 BST 2026 (Unix Epoch time: 1775162840)
No. nodes:               1
No. tasks:               4
Job name:                gauss_2cores
Account:                 teaching
QoS:                     teaching
Partition (queue):       teaching
Submit directory:        /users/rmb20171/ch934_assignment
Script name:             /users/rmb20171/ch934_assignment/gauss_script.sh
Master node:             wee17
Nodes used:              wee17
Task distribution:       cyclic
===================================================================================

===================================================================================
SLURM job 7326762 ended:     Thu Apr 02 21:58:36 BST 2026 (Unix Epoch time: 1775163516)
This is an estimated end time using the 'date' command from node wee17.hpc.strath.ac.uk
For accurate timings, use 'sacct -j 7326762 -X --format=Submit,Start,End,Elapsed'
======================================================================================
